[2025-06-22 20:54:33] === XGCS Unified Startup Script ===
[2025-06-22 20:54:33] Running with LOGGING enabled
[2025-06-22 20:54:33] Running in RESTART mode
[2025-06-22 20:54:33] Checking dependencies...
[2025-06-22 20:54:33] All required dependencies found.
[2025-06-22 20:54:33] Killing existing processes...
[2025-06-22 20:54:35] Process cleanup complete
[2025-06-22 20:54:35] Checking if server needs to be built...
[2025-06-22 20:54:35] Server binary exists, skipping build.
[2025-06-22 20:54:35] Clearing frontend cache...
[2025-06-22 20:54:35] Frontend cache cleared
[2025-06-22 20:54:35] Starting frontend...
[2025-06-22 20:54:35] frontend started with PID: 163883
[2025-06-22 20:54:35] frontend logs at /home/dawg/Desktop/New Folder/xgcs/logs/frontend.log
[2025-06-22 20:54:38] Starting backend...
[2025-06-22 20:54:38] backend started with PID: 164302
[2025-06-22 20:54:38] backend logs at /home/dawg/Desktop/New Folder/xgcs/logs/backend.log
[2025-06-22 20:54:41] Starting proxy...
[2025-06-22 20:54:41] proxy started with PID: 164342
[2025-06-22 20:54:41] proxy logs at /home/dawg/Desktop/New Folder/xgcs/logs/proxy.log
[2025-06-22 20:54:41] All components started successfully!
[2025-06-22 20:54:42] Startup complete! Press Ctrl+C to stop all components
[2025-06-22 20:57:42] === XGCS Unified Startup Script ===
[2025-06-22 20:57:42] Running with LOGGING enabled
[2025-06-22 20:57:42] Running in RESTART mode
[2025-06-22 20:57:42] Checking dependencies...
[2025-06-22 20:57:42] All required dependencies found.
[2025-06-22 20:57:42] Killing existing processes...
[2025-06-22 20:57:44] Process cleanup complete
[2025-06-22 20:57:44] Checking if server needs to be built...
[2025-06-22 20:57:44] Server binary exists, skipping build.
[2025-06-22 20:57:44] Clearing frontend cache...
[2025-06-22 20:57:45] Frontend cache cleared
[2025-06-22 20:57:45] Starting frontend...
[2025-06-22 20:57:45] frontend started with PID: 165690
[2025-06-22 20:57:45] frontend logs at /home/dawg/Desktop/New Folder/xgcs/logs/frontend.log
[2025-06-22 20:57:48] Starting backend...
[2025-06-22 20:57:48] backend started with PID: 166118
[2025-06-22 20:57:48] backend logs at /home/dawg/Desktop/New Folder/xgcs/logs/backend.log
[2025-06-22 20:57:51] Starting proxy...
[2025-06-22 20:57:51] proxy started with PID: 166158
[2025-06-22 20:57:51] proxy logs at /home/dawg/Desktop/New Folder/xgcs/logs/proxy.log
[2025-06-22 20:57:51] All components started successfully!
[2025-06-22 20:57:51] Startup complete! Press Ctrl+C to stop all components
[2025-06-22 20:58:34] Shutting down all components...
[2025-06-22 20:58:34] Cleanup complete
[2025-06-22 20:59:04] === XGCS Unified Startup Script ===
[2025-06-22 20:59:04] Running with LOGGING enabled
[2025-06-22 20:59:04] Running in RESTART mode
[2025-06-22 20:59:05] Checking dependencies...
[2025-06-22 20:59:05] All required dependencies found.
[2025-06-22 20:59:05] Killing existing processes...
[2025-06-22 20:59:07] Process cleanup complete
[2025-06-22 20:59:07] Checking if server needs to be built...
[2025-06-22 20:59:07] Server binary exists, skipping build.
[2025-06-22 20:59:07] Clearing frontend cache...
[2025-06-22 20:59:07] Frontend cache cleared
[2025-06-22 20:59:07] Starting frontend...
[2025-06-22 20:59:07] frontend started with PID: 167437
[2025-06-22 20:59:07] frontend logs at /home/dawg/Desktop/New Folder/xgcs/logs/frontend.log
[2025-06-22 20:59:10] Starting backend...
[2025-06-22 20:59:10] backend started with PID: 167561
[2025-06-22 20:59:10] backend logs at /home/dawg/Desktop/New Folder/xgcs/logs/backend.log
[2025-06-22 20:59:13] Starting proxy...
[2025-06-22 20:59:13] proxy started with PID: 167648
[2025-06-22 20:59:13] proxy logs at /home/dawg/Desktop/New Folder/xgcs/logs/proxy.log
[2025-06-22 20:59:13] All components started successfully!
[2025-06-22 20:59:13] Startup complete! Press Ctrl+C to stop all components
[2025-06-22 20:59:16] Shutting down all components...
[2025-06-22 20:59:16] Cleanup complete
[2025-06-22 21:03:29] === XGCS Unified Startup Script ===
[2025-06-22 21:03:29] Running with LOGGING enabled
[2025-06-22 21:03:29] Running in RESTART mode
[2025-06-22 21:03:29] Checking dependencies...
[2025-06-22 21:03:29] All required dependencies found.
[2025-06-22 21:03:29] Killing existing processes...
[2025-06-22 21:03:33] Process cleanup complete
[2025-06-22 21:03:33] Checking if server needs to be built...
[2025-06-22 21:03:33] Server binary exists, skipping build.
[2025-06-22 21:03:33] Clearing frontend cache...
[2025-06-22 21:03:33] Frontend cache cleared
[2025-06-22 21:03:33] Starting frontend...
[2025-06-22 21:03:33] frontend started with PID: 169833
[2025-06-22 21:03:33] frontend logs at /home/dawg/Desktop/New Folder/xgcs/logs/frontend.log
[2025-06-22 21:03:36] Starting backend...
[2025-06-22 21:03:36] backend started with PID: 170268
[2025-06-22 21:03:36] backend logs at /home/dawg/Desktop/New Folder/xgcs/logs/backend.log
[2025-06-22 21:03:39] Starting proxy...
[2025-06-22 21:03:39] proxy started with PID: 170300
[2025-06-22 21:03:39] proxy logs at /home/dawg/Desktop/New Folder/xgcs/logs/proxy.log
[2025-06-22 21:03:39] All components started successfully!
[2025-06-22 21:03:39] Frontend already running, skipping browser open
[2025-06-22 21:03:39] Startup complete! Press Ctrl+C to stop all components
[2025-06-22 21:08:33] Shutting down all components...
[2025-06-22 21:08:33] Cleanup complete
[2025-06-22 21:08:35] === XGCS Unified Startup Script ===
[2025-06-22 21:08:35] Running with LOGGING enabled
[2025-06-22 21:08:35] Running in RESTART mode
[2025-06-22 21:08:35] Checking dependencies...
[2025-06-22 21:08:35] All required dependencies found.
[2025-06-22 21:08:35] Killing existing processes...
[2025-06-22 21:08:39] Process cleanup complete
[2025-06-22 21:08:39] Checking if server needs to be built...
[2025-06-22 21:08:39] Server binary exists, skipping build.
[2025-06-22 21:08:39] Clearing frontend cache...
[2025-06-22 21:08:39] Frontend cache cleared
[2025-06-22 21:08:39] Starting frontend...
[2025-06-22 21:08:39] frontend started with PID: 173183
[2025-06-22 21:08:39] frontend logs at /home/dawg/Desktop/New Folder/xgcs/logs/frontend.log
[2025-06-22 21:08:42] Starting backend...
[2025-06-22 21:08:42] backend started with PID: 173667
[2025-06-22 21:08:42] backend logs at /home/dawg/Desktop/New Folder/xgcs/logs/backend.log
[2025-06-22 21:08:45] Starting proxy...
[2025-06-22 21:08:45] proxy started with PID: 173745
[2025-06-22 21:08:45] proxy logs at /home/dawg/Desktop/New Folder/xgcs/logs/proxy.log
[2025-06-22 21:08:45] All components started successfully!
[2025-06-22 21:08:45] Frontend already running, skipping browser open
[2025-06-22 21:08:45] Startup complete! Press Ctrl+C to stop all components
[2025-06-22 21:10:48] Shutting down all components...
[2025-06-22 21:10:48] Cleanup complete
[2025-06-22 21:10:51] === XGCS Unified Startup Script ===
[2025-06-22 21:10:51] Running with LOGGING enabled
[2025-06-22 21:10:51] Running in RESTART mode
[2025-06-22 21:10:51] Checking dependencies...
[2025-06-22 21:10:51] All required dependencies found.
[2025-06-22 21:10:51] Killing existing processes...
[2025-06-22 21:10:54] Process cleanup complete
[2025-06-22 21:10:54] Checking if server needs to be built...
[2025-06-22 21:10:54] Server binary exists, skipping build.
[2025-06-22 21:10:54] Clearing frontend cache...
[2025-06-22 21:10:54] Frontend cache cleared
[2025-06-22 21:10:54] Starting frontend...
[2025-06-22 21:10:54] frontend started with PID: 174711
[2025-06-22 21:10:54] frontend logs at /home/dawg/Desktop/New Folder/xgcs/logs/frontend.log
[2025-06-22 21:10:57] Starting backend...
[2025-06-22 21:10:57] backend started with PID: 175188
[2025-06-22 21:10:57] backend logs at /home/dawg/Desktop/New Folder/xgcs/logs/backend.log
[2025-06-22 21:11:00] Starting proxy...
[2025-06-22 21:11:00] proxy started with PID: 175267
[2025-06-22 21:11:00] proxy logs at /home/dawg/Desktop/New Folder/xgcs/logs/proxy.log
[2025-06-22 21:11:00] All components started successfully!
[2025-06-22 21:11:00] Frontend already running, skipping browser open
[2025-06-22 21:11:00] Startup complete! Press Ctrl+C to stop all components
[2025-06-22 21:13:03] Shutting down all components...
[2025-06-22 21:13:03] Cleanup complete
[2025-06-22 21:13:10] === XGCS Unified Startup Script ===
[2025-06-22 21:13:10] Running with LOGGING enabled
[2025-06-22 21:13:10] Running in RESTART mode
[2025-06-22 21:13:10] Checking dependencies...
[2025-06-22 21:13:10] All required dependencies found.
[2025-06-22 21:13:10] Killing existing processes...
[2025-06-22 21:13:14] Process cleanup complete
[2025-06-22 21:13:14] Checking if server needs to be built...
[2025-06-22 21:13:14] Server binary exists, skipping build.
[2025-06-22 21:13:14] Clearing frontend cache...
[2025-06-22 21:13:14] Frontend cache cleared
[2025-06-22 21:13:14] Starting frontend...
[2025-06-22 21:13:14] frontend started with PID: 176122
[2025-06-22 21:13:14] frontend logs at /home/dawg/Desktop/New Folder/xgcs/logs/frontend.log
[2025-06-22 21:13:17] Starting backend...
[2025-06-22 21:13:17] backend started with PID: 176556
[2025-06-22 21:13:17] backend logs at /home/dawg/Desktop/New Folder/xgcs/logs/backend.log
[2025-06-22 21:13:20] Starting proxy...
[2025-06-22 21:13:20] proxy started with PID: 176596
[2025-06-22 21:13:20] proxy logs at /home/dawg/Desktop/New Folder/xgcs/logs/proxy.log
[2025-06-22 21:13:20] All components started successfully!
[2025-06-22 21:13:20] Frontend already running, skipping browser open
[2025-06-22 21:13:20] Startup complete! Press Ctrl+C to stop all components
[2025-06-22 21:16:32] Shutting down all components...
[2025-06-22 21:16:32] Cleanup complete
[2025-06-22 21:16:36] === XGCS Unified Startup Script ===
[2025-06-22 21:16:36] Running with LOGGING enabled
[2025-06-22 21:16:36] Running in RESTART mode
[2025-06-22 21:16:36] Checking dependencies...
[2025-06-22 21:16:36] All required dependencies found.
[2025-06-22 21:16:36] Killing existing processes...
[2025-06-22 21:16:39] Process cleanup complete
[2025-06-22 21:16:39] Checking if server needs to be built...
[2025-06-22 21:16:39] Server binary exists, skipping build.
[2025-06-22 21:16:39] Clearing frontend cache...
[2025-06-22 21:16:40] Frontend cache cleared
[2025-06-22 21:16:40] Starting frontend...
[2025-06-22 21:16:40] frontend started with PID: 177886
[2025-06-22 21:16:40] frontend logs at /home/dawg/Desktop/New Folder/xgcs/logs/frontend.log
[2025-06-22 21:16:43] Starting backend...
[2025-06-22 21:16:43] backend started with PID: 177985
[2025-06-22 21:16:43] backend logs at /home/dawg/Desktop/New Folder/xgcs/logs/backend.log
[2025-06-22 21:16:46] Starting proxy...
[2025-06-22 21:16:46] proxy started with PID: 178059
[2025-06-22 21:16:46] proxy logs at /home/dawg/Desktop/New Folder/xgcs/logs/proxy.log
[2025-06-22 21:16:46] All components started successfully!
[2025-06-22 21:16:46] Frontend already running, skipping browser open
[2025-06-22 21:16:46] Startup complete! Press Ctrl+C to stop all components
[2025-06-22 21:17:03] Shutting down all components...
[2025-06-22 21:17:03] Cleanup complete
[2025-06-22 21:17:10] === XGCS Unified Startup Script ===
[2025-06-22 21:17:10] Running with LOGGING enabled
[2025-06-22 21:17:10] Running in RESTART mode
[2025-06-22 21:17:10] Checking dependencies...
[2025-06-22 21:17:10] All required dependencies found.
[2025-06-22 21:17:10] Killing existing processes...
[2025-06-22 21:17:13] Process cleanup complete
[2025-06-22 21:17:13] Checking if server needs to be built...
[2025-06-22 21:17:13] Server binary exists, skipping build.
[2025-06-22 21:17:13] Clearing frontend cache...
[2025-06-22 21:17:13] Frontend cache cleared
[2025-06-22 21:17:13] Starting frontend...
[2025-06-22 21:17:13] frontend started with PID: 178661
[2025-06-22 21:17:13] frontend logs at /home/dawg/Desktop/New Folder/xgcs/logs/frontend.log
[2025-06-22 21:17:16] Starting backend...
[2025-06-22 21:17:16] backend started with PID: 179171
[2025-06-22 21:17:16] backend logs at /home/dawg/Desktop/New Folder/xgcs/logs/backend.log
[2025-06-22 21:17:19] Starting proxy...
[2025-06-22 21:17:19] proxy started with PID: 179200
[2025-06-22 21:17:19] proxy logs at /home/dawg/Desktop/New Folder/xgcs/logs/proxy.log
[2025-06-22 21:17:19] All components started successfully!
[2025-06-22 21:17:19] Frontend already running, skipping browser open
[2025-06-22 21:17:19] Startup complete! Press Ctrl+C to stop all components
[2025-06-22 21:23:40] Shutting down all components...
[2025-06-22 21:23:40] Cleanup complete
[2025-06-22 21:23:42] === XGCS Unified Startup Script ===
[2025-06-22 21:23:42] Running with LOGGING enabled
[2025-06-22 21:23:42] Running in RESTART mode
[2025-06-22 21:23:42] Checking dependencies...
[2025-06-22 21:23:42] All required dependencies found.
[2025-06-22 21:23:42] Killing existing processes...
[2025-06-22 21:23:46] Process cleanup complete
[2025-06-22 21:23:46] Checking if server needs to be built...
[2025-06-22 21:23:46] Server binary exists, skipping build.
[2025-06-22 21:23:46] Clearing frontend cache...
[2025-06-22 21:23:46] Frontend cache cleared
[2025-06-22 21:23:46] Starting frontend...
[2025-06-22 21:23:46] frontend started with PID: 182615
[2025-06-22 21:23:46] frontend logs at /home/dawg/Desktop/New Folder/xgcs/logs/frontend.log
[2025-06-22 21:23:49] Starting backend...
[2025-06-22 21:23:49] backend started with PID: 183104
[2025-06-22 21:23:49] backend logs at /home/dawg/Desktop/New Folder/xgcs/logs/backend.log
[2025-06-22 21:23:52] Starting proxy...
[2025-06-22 21:23:52] proxy started with PID: 183144
[2025-06-22 21:23:52] proxy logs at /home/dawg/Desktop/New Folder/xgcs/logs/proxy.log
[2025-06-22 21:23:52] All components started successfully!
[2025-06-22 21:23:52] Frontend already running, skipping browser open
[2025-06-22 21:23:52] Startup complete! Press Ctrl+C to stop all components
[2025-06-22 21:50:17] Shutting down all components...
[2025-06-22 21:50:17] Cleanup complete
[2025-06-22 21:50:19] === XGCS Unified Startup Script ===
[2025-06-22 21:50:19] Running with LOGGING enabled
[2025-06-22 21:50:19] Running in RESTART mode
[2025-06-22 21:50:19] Checking dependencies...
[2025-06-22 21:50:19] All required dependencies found.
[2025-06-22 21:50:19] Killing existing processes...
[2025-06-22 21:50:22] Process cleanup complete
[2025-06-22 21:50:22] Checking if server needs to be built...
[2025-06-22 21:50:22] Server binary exists, skipping build.
[2025-06-22 21:50:22] Clearing frontend cache...
[2025-06-22 21:50:23] Frontend cache cleared
[2025-06-22 21:50:23] Starting frontend...
[2025-06-22 21:50:23] frontend started with PID: 189315
[2025-06-22 21:50:23] frontend logs at /home/dawg/Desktop/New Folder/xgcs/logs/frontend.log
[2025-06-22 21:50:26] Starting backend...
[2025-06-22 21:50:26] backend started with PID: 189825
[2025-06-22 21:50:26] backend logs at /home/dawg/Desktop/New Folder/xgcs/logs/backend.log
[2025-06-22 21:50:29] Starting proxy...
[2025-06-22 21:50:29] proxy started with PID: 189865
[2025-06-22 21:50:29] proxy logs at /home/dawg/Desktop/New Folder/xgcs/logs/proxy.log
[2025-06-22 21:50:29] All components started successfully!
[2025-06-22 21:50:29] Frontend already running, skipping browser open
[2025-06-22 21:50:29] Startup complete! Press Ctrl+C to stop all components
[2025-06-22 22:04:19] Shutting down all components...
[2025-06-22 22:04:19] Cleanup complete
[2025-06-22 22:17:45] === XGCS Unified Startup Script ===
[2025-06-22 22:17:45] Running with LOGGING enabled
[2025-06-22 22:17:45] Running in RESTART mode
[2025-06-22 22:17:45] Checking dependencies...
[2025-06-22 22:17:45] All required dependencies found.
[2025-06-22 22:17:45] Killing existing processes...
[2025-06-22 22:17:49] Process cleanup complete
[2025-06-22 22:17:49] Checking if server needs to be built...
[2025-06-22 22:17:49] Server binary exists, skipping build.
[2025-06-22 22:17:49] Clearing frontend cache...
[2025-06-22 22:17:49] Frontend cache cleared
[2025-06-22 22:17:49] Starting frontend...
[2025-06-22 22:17:49] frontend started with PID: 196940
[2025-06-22 22:17:49] frontend logs at /home/dawg/Desktop/New Folder/xgcs/logs/frontend.log
[2025-06-22 22:17:52] Starting backend...
[2025-06-22 22:17:52] backend started with PID: 197360
[2025-06-22 22:17:52] backend logs at /home/dawg/Desktop/New Folder/xgcs/logs/backend.log
[2025-06-22 22:17:55] Starting proxy...
[2025-06-22 22:17:55] proxy started with PID: 197439
[2025-06-22 22:17:55] proxy logs at /home/dawg/Desktop/New Folder/xgcs/logs/proxy.log
[2025-06-22 22:17:55] All components started successfully!
[2025-06-22 22:17:55] Frontend already running, skipping browser open
[2025-06-22 22:17:55] Startup complete! Press Ctrl+C to stop all components
[2025-06-22 22:22:49] === XGCS Unified Startup Script ===
[2025-06-22 22:22:49] Running with LOGGING enabled
[2025-06-22 22:22:49] Running in RESTART mode
[2025-06-22 22:22:49] Checking dependencies...
[2025-06-22 22:22:49] All required dependencies found.
[2025-06-22 22:22:49] Killing existing processes...
[2025-06-22 22:22:52] Process cleanup complete
[2025-06-22 22:22:52] Checking if server needs to be built...
[2025-06-22 22:22:52] Server binary exists, skipping build.
[2025-06-22 22:22:52] Clearing frontend cache...
[2025-06-22 22:22:52] Frontend cache cleared
[2025-06-22 22:22:52] Starting frontend...
[2025-06-22 22:22:52] frontend started with PID: 200555
[2025-06-22 22:22:52] frontend logs at /home/dawg/Desktop/New Folder/xgcs/logs/frontend.log
[2025-06-22 22:22:55] Starting backend...
[2025-06-22 22:22:55] backend started with PID: 200931
[2025-06-22 22:22:55] backend logs at /home/dawg/Desktop/New Folder/xgcs/logs/backend.log
[2025-06-22 22:22:58] Starting proxy...
[2025-06-22 22:22:58] proxy started with PID: 200981
[2025-06-22 22:22:58] proxy logs at /home/dawg/Desktop/New Folder/xgcs/logs/proxy.log
[2025-06-22 22:22:58] All components started successfully!
[2025-06-22 22:22:58] Frontend already running, skipping browser open
[2025-06-22 22:22:58] Startup complete! Press Ctrl+C to stop all components
[2025-06-22 22:29:59] Shutting down all components...
[2025-06-22 22:29:59] Cleanup complete
[2025-06-22 22:30:46] === XGCS Unified Startup Script ===
[2025-06-22 22:30:46] Running with LOGGING enabled
[2025-06-22 22:30:46] Running in RESTART mode
[2025-06-22 22:30:46] Checking dependencies...
[2025-06-22 22:30:46] All required dependencies found.
[2025-06-22 22:30:46] Killing existing processes...
[2025-06-22 22:30:50] Process cleanup complete
[2025-06-22 22:30:50] Checking if server needs to be built...
[2025-06-22 22:30:50] Server binary exists, skipping build.
[2025-06-22 22:30:50] Clearing frontend cache...
[2025-06-22 22:30:50] Frontend cache cleared
[2025-06-22 22:30:50] Starting frontend...
[2025-06-22 22:30:50] frontend started with PID: 203411
[2025-06-22 22:30:50] frontend logs at /home/dawg/Desktop/New Folder/xgcs/logs/frontend.log
[2025-06-22 22:30:53] Starting backend...
[2025-06-22 22:30:53] backend started with PID: 203547
[2025-06-22 22:30:53] backend logs at /home/dawg/Desktop/New Folder/xgcs/logs/backend.log
[2025-06-22 22:30:56] Starting proxy...
[2025-06-22 22:30:56] proxy started with PID: 203585
[2025-06-22 22:30:56] proxy logs at /home/dawg/Desktop/New Folder/xgcs/logs/proxy.log
[2025-06-22 22:30:56] All components started successfully!
[2025-06-22 22:30:56] Frontend already running, skipping browser open
[2025-06-22 22:30:56] Startup complete! Press Ctrl+C to stop all components
[2025-06-22 22:32:19] Shutting down all components...
[2025-06-22 22:32:19] Cleanup complete
[2025-06-22 22:42:47] === XGCS Unified Startup Script ===
[2025-06-22 22:42:47] Running in DEBUG mode
[2025-06-22 22:42:47] Running in RESTART mode
[2025-06-22 22:42:47] Checking dependencies...
[2025-06-22 22:42:47] All required dependencies found.
[2025-06-22 22:42:47] Killing existing processes...
[2025-06-22 22:42:50] Process cleanup complete
[2025-06-22 22:42:50] Checking if server needs to be built...
[2025-06-22 22:42:50] Server binary exists, skipping build.
[2025-06-22 22:42:50] Clearing frontend cache...
[2025-06-22 22:42:51] Frontend cache cleared
[2025-06-22 22:42:51] Starting frontend with debug logging...
[2025-06-22 22:42:51] Frontend started with PID: 207318
[2025-06-22 22:42:54] Starting backend...
[2025-06-22 22:42:54] backend started with PID: 207734
[2025-06-22 22:42:54] backend logs at /home/dawg/Desktop/New Folder/xgcs/logs/backend_debug.log
[2025-06-22 22:42:57] Starting proxy...
[2025-06-22 22:42:57] proxy started with PID: 207764
[2025-06-22 22:42:57] proxy logs at /home/dawg/Desktop/New Folder/xgcs/logs/proxy_debug.log
[2025-06-22 22:42:57] All components started successfully!
[2025-06-22 22:42:57] Frontend already running, skipping browser open
[2025-06-22 22:42:57] Startup complete! Press Ctrl+C to stop all components
[2025-06-22 22:46:51] Shutting down all components...
[2025-06-22 22:46:51] Cleanup complete
[2025-06-22 22:57:59] === XGCS Unified Startup Script ===
[2025-06-22 22:57:59] Running with LOGGING enabled
[2025-06-22 22:57:59] Running in RESTART mode
[2025-06-22 22:57:59] Checking dependencies...
[2025-06-22 22:57:59] All required dependencies found.
[2025-06-22 22:57:59] Killing existing processes...
[2025-06-22 22:58:02] Process cleanup complete
[2025-06-22 22:58:02] Checking if server needs to be built...
[2025-06-22 22:58:02] Server binary exists, skipping build.
[2025-06-22 22:58:02] Clearing frontend cache...
[2025-06-22 22:58:02] Frontend cache cleared
[2025-06-22 22:58:03] Starting frontend...
[2025-06-22 22:58:03] frontend started with PID: 210325
[2025-06-22 22:58:03] frontend logs at /home/dawg/Desktop/New Folder/xgcs/logs/frontend.log
[2025-06-22 22:58:06] Starting backend...
[2025-06-22 22:58:06] backend started with PID: 210750
[2025-06-22 22:58:06] backend logs at /home/dawg/Desktop/New Folder/xgcs/logs/backend.log
[2025-06-22 22:58:09] Starting proxy...
[2025-06-22 22:58:09] proxy started with PID: 210837
[2025-06-22 22:58:09] proxy logs at /home/dawg/Desktop/New Folder/xgcs/logs/proxy.log
[2025-06-22 22:58:09] All components started successfully!
[2025-06-22 22:58:09] Frontend already running, skipping browser open
[2025-06-22 22:58:09] Startup complete! Press Ctrl+C to stop all components
[2025-06-22 23:11:08] Shutting down all components...
[2025-06-22 23:11:08] Cleanup complete
[2025-06-22 23:11:17] === XGCS Unified Startup Script ===
[2025-06-22 23:11:17] Running with LOGGING enabled
[2025-06-22 23:11:17] Running in RESTART mode
[2025-06-22 23:11:17] Checking dependencies...
[2025-06-22 23:11:17] All required dependencies found.
[2025-06-22 23:11:17] Killing existing processes...
[2025-06-22 23:11:20] Process cleanup complete
[2025-06-22 23:11:20] Checking if server needs to be built...
[2025-06-22 23:11:20] Server binary exists, skipping build.
[2025-06-22 23:11:20] Clearing frontend cache...
[2025-06-22 23:11:20] Frontend cache cleared
[2025-06-22 23:11:20] Starting frontend...
[2025-06-22 23:11:20] frontend started with PID: 212711
[2025-06-22 23:11:20] frontend logs at /home/dawg/Desktop/New Folder/xgcs/logs/frontend.log
[2025-06-22 23:11:23] Starting backend...
[2025-06-22 23:11:23] backend started with PID: 213083
[2025-06-22 23:11:23] backend logs at /home/dawg/Desktop/New Folder/xgcs/logs/backend.log
[2025-06-22 23:11:26] Starting proxy...
[2025-06-22 23:11:26] proxy started with PID: 213132
[2025-06-22 23:11:27] proxy logs at /home/dawg/Desktop/New Folder/xgcs/logs/proxy.log
[2025-06-22 23:11:27] All components started successfully!
[2025-06-22 23:11:27] Frontend already running, skipping browser open
[2025-06-22 23:11:27] Startup complete! Press Ctrl+C to stop all components
[2025-06-22 23:13:57] Shutting down all components...
[2025-06-22 23:13:57] Cleanup complete
[2025-06-22 23:15:15] === XGCS Unified Startup Script ===
[2025-06-22 23:15:15] Running with LOGGING enabled
[2025-06-22 23:15:15] Running in RESTART mode
[2025-06-22 23:15:15] Checking dependencies...
[2025-06-22 23:15:15] All required dependencies found.
[2025-06-22 23:15:15] Killing existing processes...
[2025-06-22 23:15:18] Process cleanup complete
[2025-06-22 23:15:18] Checking if server needs to be built...
[2025-06-22 23:15:18] Server binary exists, skipping build.
[2025-06-22 23:15:18] Clearing frontend cache...
[2025-06-22 23:15:19] Frontend cache cleared
[2025-06-22 23:15:19] Starting frontend...
[2025-06-22 23:15:19] frontend started with PID: 214865
[2025-06-22 23:15:19] frontend logs at /home/dawg/Desktop/New Folder/xgcs/logs/frontend.log
[2025-06-22 23:15:22] Starting backend...
[2025-06-22 23:15:22] backend started with PID: 214990
[2025-06-22 23:15:22] backend logs at /home/dawg/Desktop/New Folder/xgcs/logs/backend.log
[2025-06-22 23:15:25] Starting proxy...
[2025-06-22 23:15:25] proxy started with PID: 215001
[2025-06-22 23:15:25] proxy logs at /home/dawg/Desktop/New Folder/xgcs/logs/proxy.log
[2025-06-22 23:15:25] All components started successfully!
[2025-06-22 23:15:25] Frontend already running, skipping browser open
[2025-06-22 23:15:25] Startup complete! Press Ctrl+C to stop all components
[2025-06-22 23:16:17] Shutting down all components...
[2025-06-22 23:16:17] Cleanup complete
[2025-06-22 23:16:23] === XGCS Unified Startup Script ===
[2025-06-22 23:16:23] Running in DEBUG mode
[2025-06-22 23:16:23] Running in RESTART mode
[2025-06-22 23:16:23] Checking dependencies...
[2025-06-22 23:16:23] All required dependencies found.
[2025-06-22 23:16:23] Killing existing processes...
[2025-06-22 23:16:27] Process cleanup complete
[2025-06-22 23:16:27] Checking if server needs to be built...
[2025-06-22 23:16:27] Server binary exists, skipping build.
[2025-06-22 23:16:27] Clearing frontend cache...
[2025-06-22 23:16:27] Frontend cache cleared
[2025-06-22 23:16:27] Starting frontend with debug logging...
[2025-06-22 23:16:27] Frontend started with PID: 215866
[2025-06-22 23:16:30] Starting backend...
[2025-06-22 23:16:30] backend started with PID: 215932
[2025-06-22 23:16:30] backend logs at /home/dawg/Desktop/New Folder/xgcs/logs/backend_debug.log
[2025-06-22 23:16:33] Starting proxy...
[2025-06-22 23:16:33] proxy started with PID: 216032
[2025-06-22 23:16:33] proxy logs at /home/dawg/Desktop/New Folder/xgcs/logs/proxy_debug.log
[2025-06-22 23:16:33] All components started successfully!
[2025-06-22 23:16:33] Frontend already running, skipping browser open
[2025-06-22 23:16:33] Startup complete! Press Ctrl+C to stop all components
[2025-06-22 23:25:10] Shutting down all components...
[2025-06-22 23:25:10] Cleanup complete
